f:\cocosprojects\adventri\proj.win32\debug.win32\libspine.bsc
f:\cocosprojects\adventri\cocos2d\cocos\editor-support\spine\proj.win32\debug.win32\atlasattachmentloader.sbr
f:\cocosprojects\adventri\cocos2d\cocos\editor-support\spine\proj.win32\debug.win32\atlasattachmentloader.obj
f:\cocosprojects\adventri\cocos2d\cocos\editor-support\spine\proj.win32\debug.win32\event.sbr
f:\cocosprojects\adventri\cocos2d\cocos\editor-support\spine\proj.win32\debug.win32\event.obj
f:\cocosprojects\adventri\cocos2d\cocos\editor-support\spine\proj.win32\debug.win32\skeleton.sbr
f:\cocosprojects\adventri\cocos2d\cocos\editor-support\spine\proj.win32\debug.win32\skeleton.obj
f:\cocosprojects\adventri\cocos2d\cocos\editor-support\spine\proj.win32\debug.win32\animationstatedata.sbr
f:\cocosprojects\adventri\cocos2d\cocos\editor-support\spine\proj.win32\debug.win32\animationstatedata.obj
f:\cocosprojects\adventri\cocos2d\cocos\editor-support\spine\proj.win32\debug.win32\extension.sbr
f:\cocosprojects\adventri\cocos2d\cocos\editor-support\spine\proj.win32\debug.win32\extension.obj
f:\cocosprojects\adventri\cocos2d\cocos\editor-support\spine\proj.win32\debug.win32\skeletonjson.sbr
f:\cocosprojects\adventri\cocos2d\cocos\editor-support\spine\proj.win32\debug.win32\skeletonjson.obj
f:\cocosprojects\adventri\cocos2d\cocos\editor-support\spine\proj.win32\debug.win32\atlas.sbr
f:\cocosprojects\adventri\cocos2d\cocos\editor-support\spine\proj.win32\debug.win32\atlas.obj
f:\cocosprojects\adventri\cocos2d\cocos\editor-support\spine\proj.win32\debug.win32\ikconstraint.sbr
f:\cocosprojects\adventri\cocos2d\cocos\editor-support\spine\proj.win32\debug.win32\ikconstraint.obj
f:\cocosprojects\adventri\cocos2d\cocos\editor-support\spine\proj.win32\debug.win32\bone.sbr
f:\cocosprojects\adventri\cocos2d\cocos\editor-support\spine\proj.win32\debug.win32\bone.obj
f:\cocosprojects\adventri\cocos2d\cocos\editor-support\spine\proj.win32\debug.win32\ikconstraintdata.sbr
f:\cocosprojects\adventri\cocos2d\cocos\editor-support\spine\proj.win32\debug.win32\ikconstraintdata.obj
f:\cocosprojects\adventri\cocos2d\cocos\editor-support\spine\proj.win32\debug.win32\skeletonbounds.sbr
f:\cocosprojects\adventri\cocos2d\cocos\editor-support\spine\proj.win32\debug.win32\skeletonbounds.obj
f:\cocosprojects\adventri\cocos2d\cocos\editor-support\spine\proj.win32\debug.win32\attachment.sbr
f:\cocosprojects\adventri\cocos2d\cocos\editor-support\spine\proj.win32\debug.win32\attachment.obj
f:\cocosprojects\adventri\cocos2d\cocos\editor-support\spine\proj.win32\debug.win32\bonedata.sbr
f:\cocosprojects\adventri\cocos2d\cocos\editor-support\spine\proj.win32\debug.win32\bonedata.obj
f:\cocosprojects\adventri\cocos2d\cocos\editor-support\spine\proj.win32\debug.win32\skeletondata.sbr
f:\cocosprojects\adventri\cocos2d\cocos\editor-support\spine\proj.win32\debug.win32\skeletondata.obj
f:\cocosprojects\adventri\cocos2d\cocos\editor-support\spine\proj.win32\debug.win32\slotdata.sbr
f:\cocosprojects\adventri\cocos2d\cocos\editor-support\spine\proj.win32\debug.win32\slotdata.obj
f:\cocosprojects\adventri\cocos2d\cocos\editor-support\spine\proj.win32\debug.win32\attachmentloader.sbr
f:\cocosprojects\adventri\cocos2d\cocos\editor-support\spine\proj.win32\debug.win32\attachmentloader.obj
f:\cocosprojects\adventri\cocos2d\cocos\editor-support\spine\proj.win32\debug.win32\eventdata.sbr
f:\cocosprojects\adventri\cocos2d\cocos\editor-support\spine\proj.win32\debug.win32\eventdata.obj
f:\cocosprojects\adventri\cocos2d\cocos\editor-support\spine\proj.win32\debug.win32\meshattachment.sbr
f:\cocosprojects\adventri\cocos2d\cocos\editor-support\spine\proj.win32\debug.win32\meshattachment.obj
f:\cocosprojects\adventri\cocos2d\cocos\editor-support\spine\proj.win32\debug.win32\slot.sbr
f:\cocosprojects\adventri\cocos2d\cocos\editor-support\spine\proj.win32\debug.win32\slot.obj
f:\cocosprojects\adventri\cocos2d\cocos\editor-support\spine\proj.win32\debug.win32\animationstate.sbr
f:\cocosprojects\adventri\cocos2d\cocos\editor-support\spine\proj.win32\debug.win32\animationstate.obj
f:\cocosprojects\adventri\cocos2d\cocos\editor-support\spine\proj.win32\debug.win32\json.sbr
f:\cocosprojects\adventri\cocos2d\cocos\editor-support\spine\proj.win32\debug.win32\json.obj
f:\cocosprojects\adventri\cocos2d\cocos\editor-support\spine\proj.win32\debug.win32\skinnedmeshattachment.sbr
f:\cocosprojects\adventri\cocos2d\cocos\editor-support\spine\proj.win32\debug.win32\skinnedmeshattachment.obj
f:\cocosprojects\adventri\cocos2d\cocos\editor-support\spine\proj.win32\debug.win32\animation.sbr
f:\cocosprojects\adventri\cocos2d\cocos\editor-support\spine\proj.win32\debug.win32\animation.obj
f:\cocosprojects\adventri\cocos2d\cocos\editor-support\spine\proj.win32\debug.win32\boundingboxattachment.sbr
f:\cocosprojects\adventri\cocos2d\cocos\editor-support\spine\proj.win32\debug.win32\boundingboxattachment.obj
f:\cocosprojects\adventri\cocos2d\cocos\editor-support\spine\proj.win32\debug.win32\regionattachment.sbr
f:\cocosprojects\adventri\cocos2d\cocos\editor-support\spine\proj.win32\debug.win32\regionattachment.obj
f:\cocosprojects\adventri\cocos2d\cocos\editor-support\spine\proj.win32\debug.win32\skin.sbr
f:\cocosprojects\adventri\cocos2d\cocos\editor-support\spine\proj.win32\debug.win32\skin.obj
f:\cocosprojects\adventri\cocos2d\cocos\editor-support\spine\proj.win32\debug.win32\polygonbatch.sbr
f:\cocosprojects\adventri\cocos2d\cocos\editor-support\spine\proj.win32\debug.win32\polygonbatch.obj
f:\cocosprojects\adventri\cocos2d\cocos\editor-support\spine\proj.win32\debug.win32\spine-cocos2dx.sbr
f:\cocosprojects\adventri\cocos2d\cocos\editor-support\spine\proj.win32\debug.win32\spine-cocos2dx.obj
f:\cocosprojects\adventri\cocos2d\cocos\editor-support\spine\proj.win32\debug.win32\skeletonrenderer.sbr
f:\cocosprojects\adventri\cocos2d\cocos\editor-support\spine\proj.win32\debug.win32\skeletonrenderer.obj
f:\cocosprojects\adventri\cocos2d\cocos\editor-support\spine\proj.win32\debug.win32\skeletonanimation.sbr
f:\cocosprojects\adventri\cocos2d\cocos\editor-support\spine\proj.win32\debug.win32\skeletonanimation.obj
f:\cocosprojects\adventri\proj.win32\debug.win32\libspine.lib
f:\cocosprojects\adventri\cocos2d\cocos\editor-support\spine\proj.win32\debug.win32\libspine.tlog\bscmake.command.1.tlog
f:\cocosprojects\adventri\cocos2d\cocos\editor-support\spine\proj.win32\debug.win32\libspine.tlog\bscmake.read.1.tlog
f:\cocosprojects\adventri\cocos2d\cocos\editor-support\spine\proj.win32\debug.win32\libspine.tlog\bscmake.write.1.tlog
f:\cocosprojects\adventri\cocos2d\cocos\editor-support\spine\proj.win32\debug.win32\libspine.tlog\cl.command.1.tlog
f:\cocosprojects\adventri\cocos2d\cocos\editor-support\spine\proj.win32\debug.win32\libspine.tlog\cl.read.1.tlog
f:\cocosprojects\adventri\cocos2d\cocos\editor-support\spine\proj.win32\debug.win32\libspine.tlog\cl.write.1.tlog
f:\cocosprojects\adventri\cocos2d\cocos\editor-support\spine\proj.win32\debug.win32\libspine.tlog\lib-link.read.1.tlog
f:\cocosprojects\adventri\cocos2d\cocos\editor-support\spine\proj.win32\debug.win32\libspine.tlog\lib-link.write.1.tlog
f:\cocosprojects\adventri\cocos2d\cocos\editor-support\spine\proj.win32\debug.win32\libspine.tlog\lib.command.1.tlog
